<?xml version="1.0" encoding="UTF-8"?>
<!-- Generated by org.testng.reporters.JUnitXMLReporter -->
<testsuite hostname="ZNPC021" name="Firefoxtest" tests="1" failures="1" timestamp="10 Jun 2017 06:36:16 GMT" time="1.01" errors="0">
  <testcase name="testValidLogin" time="0.962" classname="Script.ValidLogin">
    <failure type="java.lang.NullPointerException">
      <![CDATA[java.lang.NullPointerException
	at org.openqa.selenium.support.pagefactory.DefaultElementLocator.findElement(DefaultElementLocator.java:69)
	at org.openqa.selenium.support.pagefactory.internal.LocatingElementHandler.invoke(LocatingElementHandler.java:38)
	at com.sun.proxy.$Proxy7.sendKeys(Unknown Source)
	at pom.LoginPage.setUserName(LoginPage.java:38)
	at Script.ValidLogin.testValidLogin(ValidLogin.java:31)
... Removed 24 stack frames]]>
    </failure>
  </testcase> <!-- testValidLogin -->
</testsuite> <!-- Firefoxtest -->
