<?xml version="1.0" encoding="UTF-8"?>
<!-- Generated by org.testng.reporters.JUnitXMLReporter -->
<testsuite hostname="ZNPC021" name="IEtest" tests="1" failures="0" timestamp="10 Jun 2017 06:36:16 GMT" time="0.109" errors="0">
  <testcase name="@BeforeMethod test1" time="0.0" classname="Script.ValidLogin">
    <failure type="java.lang.IllegalStateException" message="The driver executable does not exist: C:\seleniumproject\src\SeleniumAuto\.\server\IEDriverServer.exe">
      <![CDATA[java.lang.IllegalStateException: The driver executable does not exist: C:\seleniumproject\src\SeleniumAuto\.\server\IEDriverServer.exe
	at com.google.common.base.Preconditions.checkState(Preconditions.java:518)
	at org.openqa.selenium.remote.service.DriverService.checkExecutable(DriverService.java:123)
	at org.openqa.selenium.remote.service.DriverService.findExecutable(DriverService.java:118)
	at org.openqa.selenium.ie.InternetExplorerDriverService.access$000(InternetExplorerDriverService.java:32)
	at org.openqa.selenium.ie.InternetExplorerDriverService$Builder.findDefaultExecutable(InternetExplorerDriverService.java:167)
	at org.openqa.selenium.remote.service.DriverService$Builder.build(DriverService.java:302)
	at org.openqa.selenium.ie.InternetExplorerDriver.setupService(InternetExplorerDriver.java:248)
	at org.openqa.selenium.ie.InternetExplorerDriver.<init>(InternetExplorerDriver.java:170)
	at org.openqa.selenium.ie.InternetExplorerDriver.<init>(InternetExplorerDriver.java:144)
	at Script.BaseTest1.test1(BaseTest1.java:40)
... Removed 26 stack frames]]>
    </failure>
  </testcase> <!-- @BeforeMethod test1 -->
  <testcase name="testValidLogin" time="0.015" classname="Script.ValidLogin">
    <skipped/>
  </testcase> <!-- testValidLogin -->
</testsuite> <!-- IEtest -->
